{
  "numFailedTestSuites": 0,
  "numFailedTests": 0,
  "numPassedTestSuites": 4,
  "numPassedTests": 10,
  "numPendingTestSuites": 0,
  "numPendingTests": 0,
  "numRuntimeErrorTestSuites": 0,
  "numTodoTests": 0,
  "numTotalTestSuites": 4,
  "numTotalTests": 10,
  "openHandles": [],
  "snapshot": {
    "added": 0,
    "didUpdate": false,
    "failure": false,
    "filesAdded": 0,
    "filesRemoved": 0,
    "filesRemovedList": [],
    "filesUnmatched": 0,
    "filesUpdated": 0,
    "matched": 3,
    "total": 3,
    "unchecked": 0,
    "uncheckedKeysByFile": [],
    "unmatched": 0,
    "updated": 0
  },
  "startTime": 1569751848333,
  "success": false,
  "testResults": [
    {
      "failureMessage": null,
      "numFailingTests": 0,
      "numPassingTests": 1,
      "numPendingTests": 0,
      "numTodoTests": 0,
      "perfStats": {
        "end": 1569751852417,
        "start": 1569751849672
      },
      "snapshot": {
        "added": 0,
        "fileDeleted": false,
        "matched": 1,
        "unchecked": 0,
        "unmatched": 0,
        "updated": 0,
        "uncheckedKeys": []
      },
      "testFilePath": "C:\\Users\\Stefan\\Desktop\\React\\tictactoe\\src\\Components\\Square\\Square.test.jsx",
      "testResults": [
        {
          "ancestorTitles": [
            "Square"
          ],
          "duration": 16,
          "failureMessages": [],
          "fullName": "Square renders with text and background color",
          "location": null,
          "numPassingAsserts": 0,
          "status": "passed",
          "title": "renders with text and background color"
        }
      ],
      "skipped": false,
      "leaks": false
    },
    {
      "failureMessage": null,
      "numFailingTests": 0,
      "numPassingTests": 5,
      "numPendingTests": 0,
      "numTodoTests": 0,
      "perfStats": {
        "end": 1569751852430,
        "start": 1569751849688
      },
      "snapshot": {
        "added": 0,
        "fileDeleted": false,
        "matched": 0,
        "unchecked": 0,
        "unmatched": 0,
        "updated": 0,
        "uncheckedKeys": []
      },
      "testFilePath": "C:\\Users\\Stefan\\Desktop\\React\\tictactoe\\src\\Components\\Game\\helper.test.js",
      "testResults": [
        {
          "ancestorTitles": [
            "Testing the game status helper function"
          ],
          "duration": 4,
          "failureMessages": [],
          "fullName": "Testing the game status helper function identifies a draw",
          "location": null,
          "numPassingAsserts": 0,
          "status": "passed",
          "title": "identifies a draw"
        },
        {
          "ancestorTitles": [
            "Testing the game status helper function"
          ],
          "duration": 1,
          "failureMessages": [],
          "fullName": "Testing the game status helper function lets the game continue",
          "location": null,
          "numPassingAsserts": 0,
          "status": "passed",
          "title": "lets the game continue"
        },
        {
          "ancestorTitles": [
            "Testing the game status helper function"
          ],
          "duration": 0,
          "failureMessages": [],
          "fullName": "Testing the game status helper function identifies horizontal win",
          "location": null,
          "numPassingAsserts": 0,
          "status": "passed",
          "title": "identifies horizontal win"
        },
        {
          "ancestorTitles": [
            "Testing the game status helper function"
          ],
          "duration": 0,
          "failureMessages": [],
          "fullName": "Testing the game status helper function identifies vertical win",
          "location": null,
          "numPassingAsserts": 0,
          "status": "passed",
          "title": "identifies vertical win"
        },
        {
          "ancestorTitles": [
            "Testing the game status helper function"
          ],
          "duration": 1,
          "failureMessages": [],
          "fullName": "Testing the game status helper function identifies diagonal win",
          "location": null,
          "numPassingAsserts": 0,
          "status": "passed",
          "title": "identifies diagonal win"
        }
      ],
      "skipped": false,
      "leaks": false
    },
    {
      "failureMessage": null,
      "numFailingTests": 0,
      "numPassingTests": 1,
      "numPendingTests": 0,
      "numTodoTests": 0,
      "perfStats": {
        "end": 1569751852474,
        "start": 1569751849716
      },
      "snapshot": {
        "added": 0,
        "fileDeleted": false,
        "matched": 1,
        "unchecked": 0,
        "unmatched": 0,
        "updated": 0,
        "uncheckedKeys": []
      },
      "testFilePath": "C:\\Users\\Stefan\\Desktop\\React\\tictactoe\\src\\Components\\Board\\Board.test.jsx",
      "testResults": [
        {
          "ancestorTitles": [
            "Board"
          ],
          "duration": 24,
          "failureMessages": [],
          "fullName": "Board contains 9 squares",
          "location": null,
          "numPassingAsserts": 0,
          "status": "passed",
          "title": "contains 9 squares"
        }
      ],
      "skipped": false,
      "leaks": false
    },
    {
      "failureMessage": null,
      "numFailingTests": 0,
      "numPassingTests": 3,
      "numPendingTests": 0,
      "numTodoTests": 0,
      "perfStats": {
        "end": 1569751852669,
        "start": 1569751849674
      },
      "snapshot": {
        "added": 0,
        "fileDeleted": false,
        "matched": 1,
        "unchecked": 0,
        "unmatched": 0,
        "updated": 0,
        "uncheckedKeys": []
      },
      "testFilePath": "C:\\Users\\Stefan\\Desktop\\React\\tictactoe\\src\\Components\\Game\\Game.test.jsx",
      "testResults": [
        {
          "ancestorTitles": [
            "Game"
          ],
          "duration": 25,
          "failureMessages": [],
          "fullName": "Game renders without crashing",
          "location": null,
          "numPassingAsserts": 0,
          "status": "passed",
          "title": "renders without crashing"
        },
        {
          "ancestorTitles": [
            "Game"
          ],
          "duration": 3,
          "failureMessages": [],
          "fullName": "Game hasn't changed structure",
          "location": null,
          "numPassingAsserts": 0,
          "status": "passed",
          "title": "hasn't changed structure"
        },
        {
          "ancestorTitles": [
            "Game"
          ],
          "duration": 20,
          "failureMessages": [],
          "fullName": "Game has correct components inside",
          "location": null,
          "numPassingAsserts": 0,
          "status": "passed",
          "title": "has correct components inside"
        }
      ],
      "skipped": false,
      "leaks": false
    }
  ],
  "wasInterrupted": false,
  "coverageMap": {
    "C:\\Users\\Stefan\\Desktop\\React\\tictactoe\\src\\Components\\Square\\Square.jsx": {
      "path": "C:\\Users\\Stefan\\Desktop\\React\\tictactoe\\src\\Components\\Square\\Square.jsx",
      "statementMap": {
        "0": {
          "start": {
            "line": 11,
            "column": 22
          },
          "end": {
            "line": 11,
            "column": 27
          }
        },
        "1": {
          "start": {
            "line": 12,
            "column": 20
          },
          "end": {
            "line": 12,
            "column": 25
          }
        },
        "2": {
          "start": {
            "line": 13,
            "column": 20
          },
          "end": {
            "line": 13,
            "column": 25
          }
        },
        "3": {
          "start": {
            "line": 15,
            "column": 2
          },
          "end": {
            "line": 24,
            "column": 4
          }
        }
      },
      "fnMap": {
        "0": {
          "name": "Square",
          "decl": {
            "start": {
              "line": 10,
              "column": 24
            },
            "end": {
              "line": 10,
              "column": 30
            }
          },
          "loc": {
            "start": {
              "line": 10,
              "column": 45
            },
            "end": {
              "line": 25,
              "column": 1
            }
          },
          "line": 10
        }
      },
      "branchMap": {},
      "s": {
        "0": 10,
        "1": 10,
        "2": 10,
        "3": 10
      },
      "f": {
        "0": 10
      },
      "b": {},
      "_coverageSchema": "43e27e138ebf9cfc5966b082cf9a028302ed4184",
      "hash": "a6be089ae5678a57699a8dbeb98ba5d865f8b074"
    },
    "C:\\Users\\Stefan\\Desktop\\React\\tictactoe\\src\\Components\\Game\\helper.js": {
      "path": "C:\\Users\\Stefan\\Desktop\\React\\tictactoe\\src\\Components\\Game\\helper.js",
      "statementMap": {
        "0": {
          "start": {
            "line": 2,
            "column": 2
          },
          "end": {
            "line": 12,
            "column": 3
          }
        },
        "1": {
          "start": {
            "line": 2,
            "column": 15
          },
          "end": {
            "line": 2,
            "column": 16
          }
        },
        "2": {
          "start": {
            "line": 3,
            "column": 22
          },
          "end": {
            "line": 3,
            "column": 30
          }
        },
        "3": {
          "start": {
            "line": 5,
            "column": 4
          },
          "end": {
            "line": 11,
            "column": 5
          }
        },
        "4": {
          "start": {
            "line": 6,
            "column": 6
          },
          "end": {
            "line": 10,
            "column": 8
          }
        },
        "5": {
          "start": {
            "line": 14,
            "column": 2
          },
          "end": {
            "line": 14,
            "column": 14
          }
        },
        "6": {
          "start": {
            "line": 18,
            "column": 2
          },
          "end": {
            "line": 24,
            "column": 3
          }
        },
        "7": {
          "start": {
            "line": 19,
            "column": 4
          },
          "end": {
            "line": 23,
            "column": 6
          }
        },
        "8": {
          "start": {
            "line": 26,
            "column": 2
          },
          "end": {
            "line": 26,
            "column": 14
          }
        },
        "9": {
          "start": {
            "line": 30,
            "column": 16
          },
          "end": {
            "line": 39,
            "column": 3
          }
        },
        "10": {
          "start": {
            "line": 41,
            "column": 17
          },
          "end": {
            "line": 41,
            "column": 44
          }
        },
        "11": {
          "start": {
            "line": 42,
            "column": 2
          },
          "end": {
            "line": 44,
            "column": 3
          }
        },
        "12": {
          "start": {
            "line": 43,
            "column": 4
          },
          "end": {
            "line": 43,
            "column": 18
          }
        },
        "13": {
          "start": {
            "line": 46,
            "column": 15
          },
          "end": {
            "line": 46,
            "column": 42
          }
        },
        "14": {
          "start": {
            "line": 47,
            "column": 2
          },
          "end": {
            "line": 49,
            "column": 3
          }
        },
        "15": {
          "start": {
            "line": 48,
            "column": 4
          },
          "end": {
            "line": 48,
            "column": 16
          }
        },
        "16": {
          "start": {
            "line": 51,
            "column": 2
          },
          "end": {
            "line": 55,
            "column": 4
          }
        }
      },
      "fnMap": {
        "0": {
          "name": "checkWinner",
          "decl": {
            "start": {
              "line": 1,
              "column": 9
            },
            "end": {
              "line": 1,
              "column": 20
            }
          },
          "loc": {
            "start": {
              "line": 1,
              "column": 37
            },
            "end": {
              "line": 15,
              "column": 1
            }
          },
          "line": 1
        },
        "1": {
          "name": "isBoardFull",
          "decl": {
            "start": {
              "line": 17,
              "column": 9
            },
            "end": {
              "line": 17,
              "column": 20
            }
          },
          "loc": {
            "start": {
              "line": 17,
              "column": 37
            },
            "end": {
              "line": 27,
              "column": 1
            }
          },
          "line": 17
        },
        "2": {
          "name": "getGameStatus",
          "decl": {
            "start": {
              "line": 29,
              "column": 9
            },
            "end": {
              "line": 29,
              "column": 22
            }
          },
          "loc": {
            "start": {
              "line": 29,
              "column": 32
            },
            "end": {
              "line": 56,
              "column": 1
            }
          },
          "line": 29
        }
      },
      "branchMap": {
        "0": {
          "loc": {
            "start": {
              "line": 5,
              "column": 4
            },
            "end": {
              "line": 11,
              "column": 5
            }
          },
          "type": "if",
          "locations": [
            {
              "start": {
                "line": 5,
                "column": 4
              },
              "end": {
                "line": 11,
                "column": 5
              }
            },
            {
              "start": {
                "line": 5,
                "column": 4
              },
              "end": {
                "line": 11,
                "column": 5
              }
            }
          ],
          "line": 5
        },
        "1": {
          "loc": {
            "start": {
              "line": 5,
              "column": 8
            },
            "end": {
              "line": 5,
              "column": 76
            }
          },
          "type": "binary-expr",
          "locations": [
            {
              "start": {
                "line": 5,
                "column": 8
              },
              "end": {
                "line": 5,
                "column": 18
              }
            },
            {
              "start": {
                "line": 5,
                "column": 22
              },
              "end": {
                "line": 5,
                "column": 47
              }
            },
            {
              "start": {
                "line": 5,
                "column": 51
              },
              "end": {
                "line": 5,
                "column": 76
              }
            }
          ],
          "line": 5
        },
        "2": {
          "loc": {
            "start": {
              "line": 18,
              "column": 2
            },
            "end": {
              "line": 24,
              "column": 3
            }
          },
          "type": "if",
          "locations": [
            {
              "start": {
                "line": 18,
                "column": 2
              },
              "end": {
                "line": 24,
                "column": 3
              }
            },
            {
              "start": {
                "line": 18,
                "column": 2
              },
              "end": {
                "line": 24,
                "column": 3
              }
            }
          ],
          "line": 18
        },
        "3": {
          "loc": {
            "start": {
              "line": 42,
              "column": 2
            },
            "end": {
              "line": 44,
              "column": 3
            }
          },
          "type": "if",
          "locations": [
            {
              "start": {
                "line": 42,
                "column": 2
              },
              "end": {
                "line": 44,
                "column": 3
              }
            },
            {
              "start": {
                "line": 42,
                "column": 2
              },
              "end": {
                "line": 44,
                "column": 3
              }
            }
          ],
          "line": 42
        },
        "4": {
          "loc": {
            "start": {
              "line": 47,
              "column": 2
            },
            "end": {
              "line": 49,
              "column": 3
            }
          },
          "type": "if",
          "locations": [
            {
              "start": {
                "line": 47,
                "column": 2
              },
              "end": {
                "line": 49,
                "column": 3
              }
            },
            {
              "start": {
                "line": 47,
                "column": 2
              },
              "end": {
                "line": 49,
                "column": 3
              }
            }
          ],
          "line": 47
        }
      },
      "s": {
        "0": 7,
        "1": 7,
        "2": 45,
        "3": 45,
        "4": 3,
        "5": 4,
        "6": 4,
        "7": 1,
        "8": 3,
        "9": 7,
        "10": 7,
        "11": 7,
        "12": 3,
        "13": 4,
        "14": 4,
        "15": 1,
        "16": 3
      },
      "f": {
        "0": 7,
        "1": 4,
        "2": 7
      },
      "b": {
        "0": [
          3,
          42
        ],
        "1": [
          45,
          22,
          6
        ],
        "2": [
          1,
          3
        ],
        "3": [
          3,
          4
        ],
        "4": [
          1,
          3
        ]
      },
      "_coverageSchema": "43e27e138ebf9cfc5966b082cf9a028302ed4184",
      "hash": "30d11bfc127508508c79af90391a34341bc92a7e"
    },
    "C:\\Users\\Stefan\\Desktop\\React\\tictactoe\\src\\Components\\Board\\Board.jsx": {
      "path": "C:\\Users\\Stefan\\Desktop\\React\\tictactoe\\src\\Components\\Board\\Board.jsx",
      "statementMap": {
        "0": {
          "start": {
            "line": 13,
            "column": 24
          },
          "end": {
            "line": 13,
            "column": 34
          }
        },
        "1": {
          "start": {
            "line": 14,
            "column": 4
          },
          "end": {
            "line": 16,
            "column": 5
          }
        },
        "2": {
          "start": {
            "line": 15,
            "column": 6
          },
          "end": {
            "line": 15,
            "column": 26
          }
        },
        "3": {
          "start": {
            "line": 18,
            "column": 4
          },
          "end": {
            "line": 18,
            "column": 19
          }
        },
        "4": {
          "start": {
            "line": 22,
            "column": 24
          },
          "end": {
            "line": 22,
            "column": 34
          }
        },
        "5": {
          "start": {
            "line": 23,
            "column": 24
          },
          "end": {
            "line": 23,
            "column": 34
          }
        },
        "6": {
          "start": {
            "line": 25,
            "column": 4
          },
          "end": {
            "line": 32,
            "column": 6
          }
        },
        "7": {
          "start": {
            "line": 28,
            "column": 23
          },
          "end": {
            "line": 28,
            "column": 44
          }
        },
        "8": {
          "start": {
            "line": 37,
            "column": 15
          },
          "end": {
            "line": 37,
            "column": 17
          }
        },
        "9": {
          "start": {
            "line": 38,
            "column": 22
          },
          "end": {
            "line": 38,
            "column": 23
          }
        },
        "10": {
          "start": {
            "line": 40,
            "column": 4
          },
          "end": {
            "line": 48,
            "column": 5
          }
        },
        "11": {
          "start": {
            "line": 40,
            "column": 17
          },
          "end": {
            "line": 40,
            "column": 18
          }
        },
        "12": {
          "start": {
            "line": 42,
            "column": 16
          },
          "end": {
            "line": 42,
            "column": 18
          }
        },
        "13": {
          "start": {
            "line": 43,
            "column": 6
          },
          "end": {
            "line": 46,
            "column": 7
          }
        },
        "14": {
          "start": {
            "line": 43,
            "column": 19
          },
          "end": {
            "line": 43,
            "column": 20
          }
        },
        "15": {
          "start": {
            "line": 44,
            "column": 29
          },
          "end": {
            "line": 44,
            "column": 46
          }
        },
        "16": {
          "start": {
            "line": 45,
            "column": 8
          },
          "end": {
            "line": 45,
            "column": 50
          }
        },
        "17": {
          "start": {
            "line": 47,
            "column": 6
          },
          "end": {
            "line": 47,
            "column": 64
          }
        },
        "18": {
          "start": {
            "line": 50,
            "column": 4
          },
          "end": {
            "line": 50,
            "column": 31
          }
        }
      },
      "fnMap": {
        "0": {
          "name": "(anonymous_0)",
          "decl": {
            "start": {
              "line": 12,
              "column": 2
            },
            "end": {
              "line": 12,
              "column": 3
            }
          },
          "loc": {
            "start": {
              "line": 12,
              "column": 40
            },
            "end": {
              "line": 19,
              "column": 3
            }
          },
          "line": 12
        },
        "1": {
          "name": "(anonymous_1)",
          "decl": {
            "start": {
              "line": 21,
              "column": 2
            },
            "end": {
              "line": 21,
              "column": 3
            }
          },
          "loc": {
            "start": {
              "line": 21,
              "column": 37
            },
            "end": {
              "line": 33,
              "column": 3
            }
          },
          "line": 21
        },
        "2": {
          "name": "(anonymous_2)",
          "decl": {
            "start": {
              "line": 28,
              "column": 17
            },
            "end": {
              "line": 28,
              "column": 18
            }
          },
          "loc": {
            "start": {
              "line": 28,
              "column": 23
            },
            "end": {
              "line": 28,
              "column": 44
            }
          },
          "line": 28
        },
        "3": {
          "name": "(anonymous_3)",
          "decl": {
            "start": {
              "line": 35,
              "column": 2
            },
            "end": {
              "line": 35,
              "column": 3
            }
          },
          "loc": {
            "start": {
              "line": 35,
              "column": 11
            },
            "end": {
              "line": 51,
              "column": 3
            }
          },
          "line": 35
        }
      },
      "branchMap": {
        "0": {
          "loc": {
            "start": {
              "line": 14,
              "column": 4
            },
            "end": {
              "line": 16,
              "column": 5
            }
          },
          "type": "if",
          "locations": [
            {
              "start": {
                "line": 14,
                "column": 4
              },
              "end": {
                "line": 16,
                "column": 5
              }
            },
            {
              "start": {
                "line": 14,
                "column": 4
              },
              "end": {
                "line": 16,
                "column": 5
              }
            }
          ],
          "line": 14
        },
        "1": {
          "loc": {
            "start": {
              "line": 14,
              "column": 8
            },
            "end": {
              "line": 14,
              "column": 49
            }
          },
          "type": "binary-expr",
          "locations": [
            {
              "start": {
                "line": 14,
                "column": 8
              },
              "end": {
                "line": 14,
                "column": 15
              }
            },
            {
              "start": {
                "line": 14,
                "column": 19
              },
              "end": {
                "line": 14,
                "column": 49
              }
            }
          ],
          "line": 14
        }
      },
      "s": {
        "0": 18,
        "1": 18,
        "2": 3,
        "3": 15,
        "4": 18,
        "5": 18,
        "6": 18,
        "7": 0,
        "8": 2,
        "9": 2,
        "10": 2,
        "11": 2,
        "12": 6,
        "13": 6,
        "14": 6,
        "15": 18,
        "16": 18,
        "17": 6,
        "18": 2
      },
      "f": {
        "0": 18,
        "1": 18,
        "2": 0,
        "3": 2
      },
      "b": {
        "0": [
          3,
          15
        ],
        "1": [
          18,
          9
        ]
      },
      "_coverageSchema": "43e27e138ebf9cfc5966b082cf9a028302ed4184",
      "hash": "e94ee56c5d098a8d47f9281b74af0dcf7b058aaa"
    },
    "C:\\Users\\Stefan\\Desktop\\React\\tictactoe\\src\\Components\\Game\\Game.jsx": {
      "path": "C:\\Users\\Stefan\\Desktop\\React\\tictactoe\\src\\Components\\Game\\Game.jsx",
      "statementMap": {
        "0": {
          "start": {
            "line": 19,
            "column": 4
          },
          "end": {
            "line": 19,
            "column": 17
          }
        },
        "1": {
          "start": {
            "line": 20,
            "column": 4
          },
          "end": {
            "line": 30,
            "column": 6
          }
        },
        "2": {
          "start": {
            "line": 34,
            "column": 24
          },
          "end": {
            "line": 34,
            "column": 34
          }
        },
        "3": {
          "start": {
            "line": 35,
            "column": 27
          },
          "end": {
            "line": 35,
            "column": 37
          }
        },
        "4": {
          "start": {
            "line": 36,
            "column": 24
          },
          "end": {
            "line": 36,
            "column": 34
          }
        },
        "5": {
          "start": {
            "line": 37,
            "column": 22
          },
          "end": {
            "line": 37,
            "column": 32
          }
        },
        "6": {
          "start": {
            "line": 40,
            "column": 29
          },
          "end": {
            "line": 40,
            "column": 61
          }
        },
        "7": {
          "start": {
            "line": 42,
            "column": 27
          },
          "end": {
            "line": 42,
            "column": 57
          }
        },
        "8": {
          "start": {
            "line": 43,
            "column": 20
          },
          "end": {
            "line": 43,
            "column": 65
          }
        },
        "9": {
          "start": {
            "line": 44,
            "column": 20
          },
          "end": {
            "line": 44,
            "column": 43
          }
        },
        "10": {
          "start": {
            "line": 45,
            "column": 19
          },
          "end": {
            "line": 45,
            "column": 38
          }
        },
        "11": {
          "start": {
            "line": 47,
            "column": 4
          },
          "end": {
            "line": 49,
            "column": 5
          }
        },
        "12": {
          "start": {
            "line": 48,
            "column": 6
          },
          "end": {
            "line": 48,
            "column": 13
          }
        },
        "13": {
          "start": {
            "line": 51,
            "column": 4
          },
          "end": {
            "line": 51,
            "column": 35
          }
        },
        "14": {
          "start": {
            "line": 53,
            "column": 4
          },
          "end": {
            "line": 60,
            "column": 7
          }
        },
        "15": {
          "start": {
            "line": 64,
            "column": 4
          },
          "end": {
            "line": 67,
            "column": 7
          }
        },
        "16": {
          "start": {
            "line": 71,
            "column": 24
          },
          "end": {
            "line": 71,
            "column": 34
          }
        },
        "17": {
          "start": {
            "line": 72,
            "column": 27
          },
          "end": {
            "line": 72,
            "column": 37
          }
        },
        "18": {
          "start": {
            "line": 73,
            "column": 24
          },
          "end": {
            "line": 73,
            "column": 34
          }
        },
        "19": {
          "start": {
            "line": 74,
            "column": 22
          },
          "end": {
            "line": 74,
            "column": 32
          }
        },
        "20": {
          "start": {
            "line": 76,
            "column": 20
          },
          "end": {
            "line": 76,
            "column": 39
          }
        },
        "21": {
          "start": {
            "line": 77,
            "column": 19
          },
          "end": {
            "line": 77,
            "column": 49
          }
        },
        "22": {
          "start": {
            "line": 79,
            "column": 4
          },
          "end": {
            "line": 100,
            "column": 6
          }
        },
        "23": {
          "start": {
            "line": 84,
            "column": 33
          },
          "end": {
            "line": 84,
            "column": 57
          }
        },
        "24": {
          "start": {
            "line": 96,
            "column": 31
          },
          "end": {
            "line": 96,
            "column": 48
          }
        }
      },
      "fnMap": {
        "0": {
          "name": "(anonymous_0)",
          "decl": {
            "start": {
              "line": 18,
              "column": 2
            },
            "end": {
              "line": 18,
              "column": 3
            }
          },
          "loc": {
            "start": {
              "line": 18,
              "column": 28
            },
            "end": {
              "line": 31,
              "column": 3
            }
          },
          "line": 18
        },
        "1": {
          "name": "(anonymous_1)",
          "decl": {
            "start": {
              "line": 33,
              "column": 2
            },
            "end": {
              "line": 33,
              "column": 3
            }
          },
          "loc": {
            "start": {
              "line": 33,
              "column": 36
            },
            "end": {
              "line": 61,
              "column": 3
            }
          },
          "line": 33
        },
        "2": {
          "name": "(anonymous_2)",
          "decl": {
            "start": {
              "line": 63,
              "column": 2
            },
            "end": {
              "line": 63,
              "column": 3
            }
          },
          "loc": {
            "start": {
              "line": 63,
              "column": 29
            },
            "end": {
              "line": 68,
              "column": 3
            }
          },
          "line": 63
        },
        "3": {
          "name": "(anonymous_3)",
          "decl": {
            "start": {
              "line": 70,
              "column": 2
            },
            "end": {
              "line": 70,
              "column": 3
            }
          },
          "loc": {
            "start": {
              "line": 70,
              "column": 11
            },
            "end": {
              "line": 101,
              "column": 3
            }
          },
          "line": 70
        },
        "4": {
          "name": "(anonymous_4)",
          "decl": {
            "start": {
              "line": 84,
              "column": 21
            },
            "end": {
              "line": 84,
              "column": 22
            }
          },
          "loc": {
            "start": {
              "line": 84,
              "column": 33
            },
            "end": {
              "line": 84,
              "column": 57
            }
          },
          "line": 84
        },
        "5": {
          "name": "(anonymous_5)",
          "decl": {
            "start": {
              "line": 96,
              "column": 21
            },
            "end": {
              "line": 96,
              "column": 22
            }
          },
          "loc": {
            "start": {
              "line": 96,
              "column": 31
            },
            "end": {
              "line": 96,
              "column": 48
            }
          },
          "line": 96
        }
      },
      "branchMap": {
        "0": {
          "loc": {
            "start": {
              "line": 45,
              "column": 19
            },
            "end": {
              "line": 45,
              "column": 38
            }
          },
          "type": "cond-expr",
          "locations": [
            {
              "start": {
                "line": 45,
                "column": 29
              },
              "end": {
                "line": 45,
                "column": 32
              }
            },
            {
              "start": {
                "line": 45,
                "column": 35
              },
              "end": {
                "line": 45,
                "column": 38
              }
            }
          ],
          "line": 45
        },
        "1": {
          "loc": {
            "start": {
              "line": 47,
              "column": 4
            },
            "end": {
              "line": 49,
              "column": 5
            }
          },
          "type": "if",
          "locations": [
            {
              "start": {
                "line": 47,
                "column": 4
              },
              "end": {
                "line": 49,
                "column": 5
              }
            },
            {
              "start": {
                "line": 47,
                "column": 4
              },
              "end": {
                "line": 49,
                "column": 5
              }
            }
          ],
          "line": 47
        },
        "2": {
          "loc": {
            "start": {
              "line": 47,
              "column": 8
            },
            "end": {
              "line": 47,
              "column": 65
            }
          },
          "type": "binary-expr",
          "locations": [
            {
              "start": {
                "line": 47,
                "column": 8
              },
              "end": {
                "line": 47,
                "column": 40
              }
            },
            {
              "start": {
                "line": 47,
                "column": 44
              },
              "end": {
                "line": 47,
                "column": 65
              }
            }
          ],
          "line": 47
        }
      },
      "s": {
        "0": 2,
        "1": 2,
        "2": 0,
        "3": 0,
        "4": 0,
        "5": 0,
        "6": 0,
        "7": 0,
        "8": 0,
        "9": 0,
        "10": 0,
        "11": 0,
        "12": 0,
        "13": 0,
        "14": 0,
        "15": 0,
        "16": 2,
        "17": 2,
        "18": 2,
        "19": 2,
        "20": 2,
        "21": 2,
        "22": 2,
        "23": 0,
        "24": 0
      },
      "f": {
        "0": 2,
        "1": 0,
        "2": 0,
        "3": 2,
        "4": 0,
        "5": 0
      },
      "b": {
        "0": [
          0,
          0
        ],
        "1": [
          0,
          0
        ],
        "2": [
          0,
          0
        ]
      },
      "_coverageSchema": "43e27e138ebf9cfc5966b082cf9a028302ed4184",
      "hash": "258355739f70b34a9426337b52046814187f75eb"
    },
    "C:\\Users\\Stefan\\Desktop\\React\\tictactoe\\src\\Components\\Summary\\Summary.jsx": {
      "path": "C:\\Users\\Stefan\\Desktop\\React\\tictactoe\\src\\Components\\Summary\\Summary.jsx",
      "statementMap": {
        "0": {
          "start": {
            "line": 22,
            "column": 4
          },
          "end": {
            "line": 22,
            "column": 17
          }
        },
        "1": {
          "start": {
            "line": 23,
            "column": 4
          },
          "end": {
            "line": 25,
            "column": 6
          }
        },
        "2": {
          "start": {
            "line": 29,
            "column": 4
          },
          "end": {
            "line": 31,
            "column": 5
          }
        },
        "3": {
          "start": {
            "line": 30,
            "column": 6
          },
          "end": {
            "line": 30,
            "column": 32
          }
        },
        "4": {
          "start": {
            "line": 33,
            "column": 20
          },
          "end": {
            "line": 33,
            "column": 51
          }
        },
        "5": {
          "start": {
            "line": 34,
            "column": 14
          },
          "end": {
            "line": 34,
            "column": 29
          }
        },
        "6": {
          "start": {
            "line": 35,
            "column": 12
          },
          "end": {
            "line": 35,
            "column": 39
          }
        },
        "7": {
          "start": {
            "line": 37,
            "column": 4
          },
          "end": {
            "line": 37,
            "column": 14
          }
        },
        "8": {
          "start": {
            "line": 38,
            "column": 24
          },
          "end": {
            "line": 38,
            "column": 38
          }
        },
        "9": {
          "start": {
            "line": 39,
            "column": 4
          },
          "end": {
            "line": 39,
            "column": 35
          }
        },
        "10": {
          "start": {
            "line": 43,
            "column": 27
          },
          "end": {
            "line": 43,
            "column": 37
          }
        },
        "11": {
          "start": {
            "line": 44,
            "column": 22
          },
          "end": {
            "line": 44,
            "column": 32
          }
        },
        "12": {
          "start": {
            "line": 46,
            "column": 4
          },
          "end": {
            "line": 48,
            "column": 5
          }
        },
        "13": {
          "start": {
            "line": 47,
            "column": 6
          },
          "end": {
            "line": 47,
            "column": 19
          }
        },
        "14": {
          "start": {
            "line": 50,
            "column": 26
          },
          "end": {
            "line": 50,
            "column": 50
          }
        },
        "15": {
          "start": {
            "line": 51,
            "column": 4
          },
          "end": {
            "line": 51,
            "column": 25
          }
        },
        "16": {
          "start": {
            "line": 55,
            "column": 27
          },
          "end": {
            "line": 55,
            "column": 37
          }
        },
        "17": {
          "start": {
            "line": 56,
            "column": 22
          },
          "end": {
            "line": 56,
            "column": 32
          }
        },
        "18": {
          "start": {
            "line": 57,
            "column": 24
          },
          "end": {
            "line": 57,
            "column": 34
          }
        },
        "19": {
          "start": {
            "line": 58,
            "column": 27
          },
          "end": {
            "line": 58,
            "column": 37
          }
        },
        "20": {
          "start": {
            "line": 60,
            "column": 25
          },
          "end": {
            "line": 60,
            "column": 69
          }
        },
        "21": {
          "start": {
            "line": 62,
            "column": 22
          },
          "end": {
            "line": 77,
            "column": 6
          }
        },
        "22": {
          "start": {
            "line": 63,
            "column": 22
          },
          "end": {
            "line": 63,
            "column": 47
          }
        },
        "23": {
          "start": {
            "line": 64,
            "column": 6
          },
          "end": {
            "line": 76,
            "column": 8
          }
        },
        "24": {
          "start": {
            "line": 69,
            "column": 27
          },
          "end": {
            "line": 69,
            "column": 62
          }
        },
        "25": {
          "start": {
            "line": 79,
            "column": 4
          },
          "end": {
            "line": 79,
            "column": 21
          }
        },
        "26": {
          "start": {
            "line": 83,
            "column": 27
          },
          "end": {
            "line": 83,
            "column": 37
          }
        },
        "27": {
          "start": {
            "line": 85,
            "column": 4
          },
          "end": {
            "line": 87,
            "column": 7
          }
        },
        "28": {
          "start": {
            "line": 91,
            "column": 27
          },
          "end": {
            "line": 91,
            "column": 37
          }
        },
        "29": {
          "start": {
            "line": 93,
            "column": 4
          },
          "end": {
            "line": 105,
            "column": 6
          }
        },
        "30": {
          "start": {
            "line": 97,
            "column": 25
          },
          "end": {
            "line": 97,
            "column": 44
          }
        }
      },
      "fnMap": {
        "0": {
          "name": "(anonymous_0)",
          "decl": {
            "start": {
              "line": 21,
              "column": 2
            },
            "end": {
              "line": 21,
              "column": 3
            }
          },
          "loc": {
            "start": {
              "line": 21,
              "column": 28
            },
            "end": {
              "line": 26,
              "column": 3
            }
          },
          "line": 21
        },
        "1": {
          "name": "(anonymous_1)",
          "decl": {
            "start": {
              "line": 28,
              "column": 2
            },
            "end": {
              "line": 28,
              "column": 3
            }
          },
          "loc": {
            "start": {
              "line": 28,
              "column": 29
            },
            "end": {
              "line": 40,
              "column": 3
            }
          },
          "line": 28
        },
        "2": {
          "name": "(anonymous_2)",
          "decl": {
            "start": {
              "line": 42,
              "column": 2
            },
            "end": {
              "line": 42,
              "column": 3
            }
          },
          "loc": {
            "start": {
              "line": 42,
              "column": 32
            },
            "end": {
              "line": 52,
              "column": 3
            }
          },
          "line": 42
        },
        "3": {
          "name": "(anonymous_3)",
          "decl": {
            "start": {
              "line": 54,
              "column": 2
            },
            "end": {
              "line": 54,
              "column": 3
            }
          },
          "loc": {
            "start": {
              "line": 54,
              "column": 13
            },
            "end": {
              "line": 80,
              "column": 3
            }
          },
          "line": 54
        },
        "4": {
          "name": "(anonymous_4)",
          "decl": {
            "start": {
              "line": 62,
              "column": 44
            },
            "end": {
              "line": 62,
              "column": 45
            }
          },
          "loc": {
            "start": {
              "line": 62,
              "column": 75
            },
            "end": {
              "line": 77,
              "column": 5
            }
          },
          "line": 62
        },
        "5": {
          "name": "(anonymous_5)",
          "decl": {
            "start": {
              "line": 69,
              "column": 21
            },
            "end": {
              "line": 69,
              "column": 22
            }
          },
          "loc": {
            "start": {
              "line": 69,
              "column": 27
            },
            "end": {
              "line": 69,
              "column": 62
            }
          },
          "line": 69
        },
        "6": {
          "name": "(anonymous_6)",
          "decl": {
            "start": {
              "line": 82,
              "column": 2
            },
            "end": {
              "line": 82,
              "column": 3
            }
          },
          "loc": {
            "start": {
              "line": 82,
              "column": 17
            },
            "end": {
              "line": 88,
              "column": 3
            }
          },
          "line": 82
        },
        "7": {
          "name": "(anonymous_7)",
          "decl": {
            "start": {
              "line": 90,
              "column": 2
            },
            "end": {
              "line": 90,
              "column": 3
            }
          },
          "loc": {
            "start": {
              "line": 90,
              "column": 11
            },
            "end": {
              "line": 106,
              "column": 3
            }
          },
          "line": 90
        },
        "8": {
          "name": "(anonymous_8)",
          "decl": {
            "start": {
              "line": 97,
              "column": 19
            },
            "end": {
              "line": 97,
              "column": 20
            }
          },
          "loc": {
            "start": {
              "line": 97,
              "column": 25
            },
            "end": {
              "line": 97,
              "column": 44
            }
          },
          "line": 97
        }
      },
      "branchMap": {
        "0": {
          "loc": {
            "start": {
              "line": 29,
              "column": 4
            },
            "end": {
              "line": 31,
              "column": 5
            }
          },
          "type": "if",
          "locations": [
            {
              "start": {
                "line": 29,
                "column": 4
              },
              "end": {
                "line": 31,
                "column": 5
              }
            },
            {
              "start": {
                "line": 29,
                "column": 4
              },
              "end": {
                "line": 31,
                "column": 5
              }
            }
          ],
          "line": 29
        },
        "1": {
          "loc": {
            "start": {
              "line": 46,
              "column": 4
            },
            "end": {
              "line": 48,
              "column": 5
            }
          },
          "type": "if",
          "locations": [
            {
              "start": {
                "line": 46,
                "column": 4
              },
              "end": {
                "line": 48,
                "column": 5
              }
            },
            {
              "start": {
                "line": 46,
                "column": 4
              },
              "end": {
                "line": 48,
                "column": 5
              }
            }
          ],
          "line": 46
        },
        "2": {
          "loc": {
            "start": {
              "line": 60,
              "column": 25
            },
            "end": {
              "line": 60,
              "column": 69
            }
          },
          "type": "cond-expr",
          "locations": [
            {
              "start": {
                "line": 60,
                "column": 38
              },
              "end": {
                "line": 60,
                "column": 43
              }
            },
            {
              "start": {
                "line": 60,
                "column": 46
              },
              "end": {
                "line": 60,
                "column": 69
              }
            }
          ],
          "line": 60
        },
        "3": {
          "loc": {
            "start": {
              "line": 70,
              "column": 19
            },
            "end": {
              "line": 71,
              "column": 65
            }
          },
          "type": "cond-expr",
          "locations": [
            {
              "start": {
                "line": 71,
                "column": 16
              },
              "end": {
                "line": 71,
                "column": 38
              }
            },
            {
              "start": {
                "line": 71,
                "column": 41
              },
              "end": {
                "line": 71,
                "column": 65
              }
            }
          ],
          "line": 70
        },
        "4": {
          "loc": {
            "start": {
              "line": 99,
              "column": 26
            },
            "end": {
              "line": 99,
              "column": 65
            }
          },
          "type": "cond-expr",
          "locations": [
            {
              "start": {
                "line": 99,
                "column": 39
              },
              "end": {
                "line": 99,
                "column": 51
              }
            },
            {
              "start": {
                "line": 99,
                "column": 54
              },
              "end": {
                "line": 99,
                "column": 65
              }
            }
          ],
          "line": 99
        }
      },
      "s": {
        "0": 1,
        "1": 1,
        "2": 1,
        "3": 1,
        "4": 0,
        "5": 0,
        "6": 0,
        "7": 0,
        "8": 0,
        "9": 0,
        "10": 1,
        "11": 1,
        "12": 1,
        "13": 1,
        "14": 0,
        "15": 0,
        "16": 1,
        "17": 1,
        "18": 1,
        "19": 1,
        "20": 1,
        "21": 1,
        "22": 1,
        "23": 1,
        "24": 0,
        "25": 1,
        "26": 0,
        "27": 0,
        "28": 1,
        "29": 1,
        "30": 0
      },
      "f": {
        "0": 1,
        "1": 1,
        "2": 1,
        "3": 1,
        "4": 1,
        "5": 0,
        "6": 0,
        "7": 1,
        "8": 0
      },
      "b": {
        "0": [
          1,
          0
        ],
        "1": [
          1,
          0
        ],
        "2": [
          1,
          0
        ],
        "3": [
          1,
          0
        ],
        "4": [
          1,
          0
        ]
      },
      "_coverageSchema": "43e27e138ebf9cfc5966b082cf9a028302ed4184",
      "hash": "c6e8658876473e6a78144b9b4ac53cce223ca92a"
    },
    "C:\\Users\\Stefan\\Desktop\\React\\tictactoe\\src\\Components\\Status\\Status.jsx": {
      "path": "C:\\Users\\Stefan\\Desktop\\React\\tictactoe\\src\\Components\\Status\\Status.jsx",
      "statementMap": {
        "0": {
          "start": {
            "line": 14,
            "column": 2
          },
          "end": {
            "line": 20,
            "column": 3
          }
        },
        "1": {
          "start": {
            "line": 15,
            "column": 4
          },
          "end": {
            "line": 15,
            "column": 44
          }
        },
        "2": {
          "start": {
            "line": 16,
            "column": 9
          },
          "end": {
            "line": 20,
            "column": 3
          }
        },
        "3": {
          "start": {
            "line": 17,
            "column": 4
          },
          "end": {
            "line": 17,
            "column": 24
          }
        },
        "4": {
          "start": {
            "line": 19,
            "column": 4
          },
          "end": {
            "line": 19,
            "column": 55
          }
        },
        "5": {
          "start": {
            "line": 22,
            "column": 2
          },
          "end": {
            "line": 22,
            "column": 20
          }
        },
        "6": {
          "start": {
            "line": 25,
            "column": 15
          },
          "end": {
            "line": 29,
            "column": 1
          }
        },
        "7": {
          "start": {
            "line": 26,
            "column": 2
          },
          "end": {
            "line": 28,
            "column": 8
          }
        }
      },
      "fnMap": {
        "0": {
          "name": "getStatus",
          "decl": {
            "start": {
              "line": 11,
              "column": 9
            },
            "end": {
              "line": 11,
              "column": 18
            }
          },
          "loc": {
            "start": {
              "line": 11,
              "column": 36
            },
            "end": {
              "line": 23,
              "column": 1
            }
          },
          "line": 11
        },
        "1": {
          "name": "(anonymous_1)",
          "decl": {
            "start": {
              "line": 25,
              "column": 15
            },
            "end": {
              "line": 25,
              "column": 16
            }
          },
          "loc": {
            "start": {
              "line": 26,
              "column": 2
            },
            "end": {
              "line": 28,
              "column": 8
            }
          },
          "line": 26
        }
      },
      "branchMap": {
        "0": {
          "loc": {
            "start": {
              "line": 14,
              "column": 2
            },
            "end": {
              "line": 20,
              "column": 3
            }
          },
          "type": "if",
          "locations": [
            {
              "start": {
                "line": 14,
                "column": 2
              },
              "end": {
                "line": 20,
                "column": 3
              }
            },
            {
              "start": {
                "line": 14,
                "column": 2
              },
              "end": {
                "line": 20,
                "column": 3
              }
            }
          ],
          "line": 14
        },
        "1": {
          "loc": {
            "start": {
              "line": 14,
              "column": 6
            },
            "end": {
              "line": 14,
              "column": 39
            }
          },
          "type": "binary-expr",
          "locations": [
            {
              "start": {
                "line": 14,
                "column": 6
              },
              "end": {
                "line": 14,
                "column": 22
              }
            },
            {
              "start": {
                "line": 14,
                "column": 26
              },
              "end": {
                "line": 14,
                "column": 39
              }
            }
          ],
          "line": 14
        },
        "2": {
          "loc": {
            "start": {
              "line": 16,
              "column": 9
            },
            "end": {
              "line": 20,
              "column": 3
            }
          },
          "type": "if",
          "locations": [
            {
              "start": {
                "line": 16,
                "column": 9
              },
              "end": {
                "line": 20,
                "column": 3
              }
            },
            {
              "start": {
                "line": 16,
                "column": 9
              },
              "end": {
                "line": 20,
                "column": 3
              }
            }
          ],
          "line": 16
        },
        "3": {
          "loc": {
            "start": {
              "line": 19,
              "column": 33
            },
            "end": {
              "line": 19,
              "column": 52
            }
          },
          "type": "cond-expr",
          "locations": [
            {
              "start": {
                "line": 19,
                "column": 43
              },
              "end": {
                "line": 19,
                "column": 46
              }
            },
            {
              "start": {
                "line": 19,
                "column": 49
              },
              "end": {
                "line": 19,
                "column": 52
              }
            }
          ],
          "line": 19
        }
      },
      "s": {
        "0": 1,
        "1": 0,
        "2": 1,
        "3": 0,
        "4": 1,
        "5": 1,
        "6": 1,
        "7": 1
      },
      "f": {
        "0": 1,
        "1": 1
      },
      "b": {
        "0": [
          0,
          1
        ],
        "1": [
          1,
          0
        ],
        "2": [
          0,
          1
        ],
        "3": [
          1,
          0
        ]
      },
      "_coverageSchema": "43e27e138ebf9cfc5966b082cf9a028302ed4184",
      "hash": "29cfd27c4f3db882050a7835569e8ab6b76becc7"
    }
  }
}